Determining if the pthread_create exist failed with the following output:
Change Dir: /home/daniel/projectws/build/CMakeFiles/CMakeTmp

Run Build Command:"/usr/bin/make" "cmTC_3842e/fast"
/usr/bin/make -f CMakeFiles/cmTC_3842e.dir/build.make CMakeFiles/cmTC_3842e.dir/build
make[1]: se entra en el directorio '/home/daniel/projectws/build/CMakeFiles/CMakeTmp'
Building C object CMakeFiles/cmTC_3842e.dir/CheckSymbolExists.c.o
/usr/bin/cc    -o CMakeFiles/cmTC_3842e.dir/CheckSymbolExists.c.o   -c /home/daniel/projectws/build/CMakeFiles/CMakeTmp/CheckSymbolExists.c
Linking C executable cmTC_3842e
/usr/bin/cmake -E cmake_link_script CMakeFiles/cmTC_3842e.dir/link.txt --verbose=1
/usr/bin/cc      -rdynamic CMakeFiles/cmTC_3842e.dir/CheckSymbolExists.c.o  -o cmTC_3842e 
CMakeFiles/cmTC_3842e.dir/CheckSymbolExists.c.o: En la función `main':
CheckSymbolExists.c:(.text+0x1b): referencia a `pthread_create' sin definir
collect2: error: ld returned 1 exit status
CMakeFiles/cmTC_3842e.dir/build.make:97: fallo en las instrucciones para el objetivo 'cmTC_3842e'
make[1]: *** [cmTC_3842e] Error 1
make[1]: se sale del directorio '/home/daniel/projectws/build/CMakeFiles/CMakeTmp'
Makefile:126: fallo en las instrucciones para el objetivo 'cmTC_3842e/fast'
make: *** [cmTC_3842e/fast] Error 2

File /home/daniel/projectws/build/CMakeFiles/CMakeTmp/CheckSymbolExists.c:
/* */
#include <pthread.h>

int main(int argc, char** argv)
{
  (void)argv;
#ifndef pthread_create
  return ((int*)(&pthread_create))[argc];
#else
  (void)argc;
  return 0;
#endif
}

Determining if the function pthread_create exists in the pthreads failed with the following output:
Change Dir: /home/daniel/projectws/build/CMakeFiles/CMakeTmp

Run Build Command:"/usr/bin/make" "cmTC_d69c8/fast"
/usr/bin/make -f CMakeFiles/cmTC_d69c8.dir/build.make CMakeFiles/cmTC_d69c8.dir/build
make[1]: se entra en el directorio '/home/daniel/projectws/build/CMakeFiles/CMakeTmp'
Building C object CMakeFiles/cmTC_d69c8.dir/CheckFunctionExists.c.o
/usr/bin/cc   -DCHECK_FUNCTION_EXISTS=pthread_create   -o CMakeFiles/cmTC_d69c8.dir/CheckFunctionExists.c.o   -c /usr/share/cmake-3.10/Modules/CheckFunctionExists.c
Linking C executable cmTC_d69c8
/usr/bin/cmake -E cmake_link_script CMakeFiles/cmTC_d69c8.dir/link.txt --verbose=1
/usr/bin/cc  -DCHECK_FUNCTION_EXISTS=pthread_create    -rdynamic CMakeFiles/cmTC_d69c8.dir/CheckFunctionExists.c.o  -o cmTC_d69c8 -lpthreads 
/usr/bin/ld: no se puede encontrar -lpthreads
collect2: error: ld returned 1 exit status
CMakeFiles/cmTC_d69c8.dir/build.make:97: fallo en las instrucciones para el objetivo 'cmTC_d69c8'
make[1]: *** [cmTC_d69c8] Error 1
make[1]: se sale del directorio '/home/daniel/projectws/build/CMakeFiles/CMakeTmp'
Makefile:126: fallo en las instrucciones para el objetivo 'cmTC_d69c8/fast'
make: *** [cmTC_d69c8/fast] Error 2


